Copyright 1986-2022 Xilinx, Inc. All Rights Reserved.
------------------------------------------------------------------------------------
| Tool Version : Vivado v.2022.1 (lin64) Build 3526262 Mon Apr 18 15:47:01 MDT 2022
| Date         : Sat Dec  9 07:47:41 2023
| Host         : ubuntu2004 running 64-bit Ubuntu 20.04.4 LTS
| Command      : report_timing_summary -file timing_report.log
| Design       : design_1_wrapper
| Device       : 7z020-clg400
| Speed File   : -1  PRODUCTION 1.12 2019-11-22
------------------------------------------------------------------------------------

Timing Summary Report

------------------------------------------------------------------------------------------------
| Timer Settings
| --------------
------------------------------------------------------------------------------------------------

  Enable Multi Corner Analysis               :  Yes
  Enable Pessimism Removal                   :  Yes
  Pessimism Removal Resolution               :  Nearest Common Node
  Enable Input Delay Default Clock           :  No
  Enable Preset / Clear Arcs                 :  No
  Disable Flight Delays                      :  No
  Ignore I/O Paths                           :  No
  Timing Early Launch at Borrowing Latches   :  No
  Borrow Time for Max Delay Exceptions       :  Yes
  Merge Timing Exceptions                    :  Yes

  Corner  Analyze    Analyze    
  Name    Max Paths  Min Paths  
  ------  ---------  ---------  
  Slow    Yes        Yes        
  Fast    Yes        Yes        


------------------------------------------------------------------------------------------------
| Report Methodology
| ------------------
------------------------------------------------------------------------------------------------

No report available as report_methodology has not been run prior. Run report_methodology on the current design for the summary of methodology violations.



check_timing report

Table of Contents
-----------------
1. checking no_clock (5002)
2. checking constant_clock (0)
3. checking pulse_width_clock (0)
4. checking unconstrained_internal_endpoints (2901)
5. checking no_input_delay (0)
6. checking no_output_delay (0)
7. checking multiple_clock (0)
8. checking generated_clocks (0)
9. checking loops (0)
10. checking partial_input_delay (0)
11. checking partial_output_delay (0)
12. checking latch_loops (0)

1. checking no_clock (5002)
---------------------------
 There are 310 register/latch pins with no clock driven by root clock pin: design_1_i/caravel_0/inst/housekeeping/serial_bb_clock_reg/Q (HIGH)

 There are 500 register/latch pins with no clock driven by root clock pin: design_1_i/caravel_0/inst/housekeeping/serial_bb_enable_reg/Q (HIGH)

 There are 190 register/latch pins with no clock driven by root clock pin: design_1_i/caravel_0/inst/housekeeping/serial_bb_load_reg/Q (HIGH)

 There are 310 register/latch pins with no clock driven by root clock pin: design_1_i/caravel_0/inst/housekeeping/serial_clock_pre_reg/Q (HIGH)

 There are 190 register/latch pins with no clock driven by root clock pin: design_1_i/caravel_0/inst/housekeeping/serial_load_pre_reg/Q (HIGH)

 There are 615 register/latch pins with no clock driven by root clock pin: design_1_i/caravel_0/inst/housekeeping/wbbd_busy_reg/Q (HIGH)

 There are 615 register/latch pins with no clock driven by root clock pin: design_1_i/caravel_0/inst/housekeeping/wbbd_sck_reg/Q (HIGH)

 There are 30 register/latch pins with no clock driven by root clock pin: design_1_i/caravel_0/inst/soc/core/FSM_onehot_grant_reg[1]/Q (HIGH)

 There are 30 register/latch pins with no clock driven by root clock pin: design_1_i/caravel_0/inst/soc/core/FSM_onehot_grant_reg[2]/Q (HIGH)

 There are 30 register/latch pins with no clock driven by root clock pin: design_1_i/caravel_0/inst/soc/core/VexRiscv/IBusCachedPlugin_cache/lineLoader_address_reg[10]/Q (HIGH)

 There are 30 register/latch pins with no clock driven by root clock pin: design_1_i/caravel_0/inst/soc/core/VexRiscv/IBusCachedPlugin_cache/lineLoader_address_reg[11]/Q (HIGH)

 There are 30 register/latch pins with no clock driven by root clock pin: design_1_i/caravel_0/inst/soc/core/VexRiscv/IBusCachedPlugin_cache/lineLoader_address_reg[12]/Q (HIGH)

 There are 30 register/latch pins with no clock driven by root clock pin: design_1_i/caravel_0/inst/soc/core/VexRiscv/IBusCachedPlugin_cache/lineLoader_address_reg[13]/Q (HIGH)

 There are 30 register/latch pins with no clock driven by root clock pin: design_1_i/caravel_0/inst/soc/core/VexRiscv/IBusCachedPlugin_cache/lineLoader_address_reg[14]/Q (HIGH)

 There are 30 register/latch pins with no clock driven by root clock pin: design_1_i/caravel_0/inst/soc/core/VexRiscv/IBusCachedPlugin_cache/lineLoader_address_reg[15]/Q (HIGH)

 There are 30 register/latch pins with no clock driven by root clock pin: design_1_i/caravel_0/inst/soc/core/VexRiscv/IBusCachedPlugin_cache/lineLoader_address_reg[16]/Q (HIGH)

 There are 30 register/latch pins with no clock driven by root clock pin: design_1_i/caravel_0/inst/soc/core/VexRiscv/IBusCachedPlugin_cache/lineLoader_address_reg[17]/Q (HIGH)

 There are 30 register/latch pins with no clock driven by root clock pin: design_1_i/caravel_0/inst/soc/core/VexRiscv/IBusCachedPlugin_cache/lineLoader_address_reg[18]/Q (HIGH)

 There are 30 register/latch pins with no clock driven by root clock pin: design_1_i/caravel_0/inst/soc/core/VexRiscv/IBusCachedPlugin_cache/lineLoader_address_reg[19]/Q (HIGH)

 There are 30 register/latch pins with no clock driven by root clock pin: design_1_i/caravel_0/inst/soc/core/VexRiscv/IBusCachedPlugin_cache/lineLoader_address_reg[20]/Q (HIGH)

 There are 30 register/latch pins with no clock driven by root clock pin: design_1_i/caravel_0/inst/soc/core/VexRiscv/IBusCachedPlugin_cache/lineLoader_address_reg[21]/Q (HIGH)

 There are 30 register/latch pins with no clock driven by root clock pin: design_1_i/caravel_0/inst/soc/core/VexRiscv/IBusCachedPlugin_cache/lineLoader_address_reg[22]/Q (HIGH)

 There are 30 register/latch pins with no clock driven by root clock pin: design_1_i/caravel_0/inst/soc/core/VexRiscv/IBusCachedPlugin_cache/lineLoader_address_reg[23]/Q (HIGH)

 There are 30 register/latch pins with no clock driven by root clock pin: design_1_i/caravel_0/inst/soc/core/VexRiscv/IBusCachedPlugin_cache/lineLoader_address_reg[24]/Q (HIGH)

 There are 30 register/latch pins with no clock driven by root clock pin: design_1_i/caravel_0/inst/soc/core/VexRiscv/IBusCachedPlugin_cache/lineLoader_address_reg[25]/Q (HIGH)

 There are 30 register/latch pins with no clock driven by root clock pin: design_1_i/caravel_0/inst/soc/core/VexRiscv/IBusCachedPlugin_cache/lineLoader_address_reg[26]/Q (HIGH)

 There are 30 register/latch pins with no clock driven by root clock pin: design_1_i/caravel_0/inst/soc/core/VexRiscv/IBusCachedPlugin_cache/lineLoader_address_reg[27]/Q (HIGH)

 There are 30 register/latch pins with no clock driven by root clock pin: design_1_i/caravel_0/inst/soc/core/VexRiscv/IBusCachedPlugin_cache/lineLoader_address_reg[28]/Q (HIGH)

 There are 30 register/latch pins with no clock driven by root clock pin: design_1_i/caravel_0/inst/soc/core/VexRiscv/IBusCachedPlugin_cache/lineLoader_address_reg[29]/Q (HIGH)

 There are 30 register/latch pins with no clock driven by root clock pin: design_1_i/caravel_0/inst/soc/core/VexRiscv/IBusCachedPlugin_cache/lineLoader_address_reg[30]/Q (HIGH)

 There are 30 register/latch pins with no clock driven by root clock pin: design_1_i/caravel_0/inst/soc/core/VexRiscv/IBusCachedPlugin_cache/lineLoader_address_reg[31]/Q (HIGH)

 There are 30 register/latch pins with no clock driven by root clock pin: design_1_i/caravel_0/inst/soc/core/VexRiscv/IBusCachedPlugin_cache/lineLoader_address_reg[8]/Q (HIGH)

 There are 30 register/latch pins with no clock driven by root clock pin: design_1_i/caravel_0/inst/soc/core/VexRiscv/IBusCachedPlugin_cache/lineLoader_address_reg[9]/Q (HIGH)

 There are 30 register/latch pins with no clock driven by root clock pin: design_1_i/caravel_0/inst/soc/core/VexRiscv/dBus_cmd_rData_address_reg[10]/Q (HIGH)

 There are 30 register/latch pins with no clock driven by root clock pin: design_1_i/caravel_0/inst/soc/core/VexRiscv/dBus_cmd_rData_address_reg[11]/Q (HIGH)

 There are 30 register/latch pins with no clock driven by root clock pin: design_1_i/caravel_0/inst/soc/core/VexRiscv/dBus_cmd_rData_address_reg[12]/Q (HIGH)

 There are 30 register/latch pins with no clock driven by root clock pin: design_1_i/caravel_0/inst/soc/core/VexRiscv/dBus_cmd_rData_address_reg[13]/Q (HIGH)

 There are 30 register/latch pins with no clock driven by root clock pin: design_1_i/caravel_0/inst/soc/core/VexRiscv/dBus_cmd_rData_address_reg[14]/Q (HIGH)

 There are 30 register/latch pins with no clock driven by root clock pin: design_1_i/caravel_0/inst/soc/core/VexRiscv/dBus_cmd_rData_address_reg[15]/Q (HIGH)

 There are 30 register/latch pins with no clock driven by root clock pin: design_1_i/caravel_0/inst/soc/core/VexRiscv/dBus_cmd_rData_address_reg[16]/Q (HIGH)

 There are 30 register/latch pins with no clock driven by root clock pin: design_1_i/caravel_0/inst/soc/core/VexRiscv/dBus_cmd_rData_address_reg[17]/Q (HIGH)

 There are 30 register/latch pins with no clock driven by root clock pin: design_1_i/caravel_0/inst/soc/core/VexRiscv/dBus_cmd_rData_address_reg[18]/Q (HIGH)

 There are 30 register/latch pins with no clock driven by root clock pin: design_1_i/caravel_0/inst/soc/core/VexRiscv/dBus_cmd_rData_address_reg[19]/Q (HIGH)

 There are 30 register/latch pins with no clock driven by root clock pin: design_1_i/caravel_0/inst/soc/core/VexRiscv/dBus_cmd_rData_address_reg[20]/Q (HIGH)

 There are 30 register/latch pins with no clock driven by root clock pin: design_1_i/caravel_0/inst/soc/core/VexRiscv/dBus_cmd_rData_address_reg[21]/Q (HIGH)

 There are 30 register/latch pins with no clock driven by root clock pin: design_1_i/caravel_0/inst/soc/core/VexRiscv/dBus_cmd_rData_address_reg[22]/Q (HIGH)

 There are 30 register/latch pins with no clock driven by root clock pin: design_1_i/caravel_0/inst/soc/core/VexRiscv/dBus_cmd_rData_address_reg[23]/Q (HIGH)

 There are 30 register/latch pins with no clock driven by root clock pin: design_1_i/caravel_0/inst/soc/core/VexRiscv/dBus_cmd_rData_address_reg[24]/Q (HIGH)

 There are 30 register/latch pins with no clock driven by root clock pin: design_1_i/caravel_0/inst/soc/core/VexRiscv/dBus_cmd_rData_address_reg[25]/Q (HIGH)

 There are 30 register/latch pins with no clock driven by root clock pin: design_1_i/caravel_0/inst/soc/core/VexRiscv/dBus_cmd_rData_address_reg[26]/Q (HIGH)

 There are 30 register/latch pins with no clock driven by root clock pin: design_1_i/caravel_0/inst/soc/core/VexRiscv/dBus_cmd_rData_address_reg[27]/Q (HIGH)

 There are 30 register/latch pins with no clock driven by root clock pin: design_1_i/caravel_0/inst/soc/core/VexRiscv/dBus_cmd_rData_address_reg[28]/Q (HIGH)

 There are 30 register/latch pins with no clock driven by root clock pin: design_1_i/caravel_0/inst/soc/core/VexRiscv/dBus_cmd_rData_address_reg[29]/Q (HIGH)

 There are 30 register/latch pins with no clock driven by root clock pin: design_1_i/caravel_0/inst/soc/core/VexRiscv/dBus_cmd_rData_address_reg[30]/Q (HIGH)

 There are 30 register/latch pins with no clock driven by root clock pin: design_1_i/caravel_0/inst/soc/core/VexRiscv/dBus_cmd_rData_address_reg[31]/Q (HIGH)

 There are 30 register/latch pins with no clock driven by root clock pin: design_1_i/caravel_0/inst/soc/core/VexRiscv/dBus_cmd_rData_address_reg[8]/Q (HIGH)

 There are 30 register/latch pins with no clock driven by root clock pin: design_1_i/caravel_0/inst/soc/core/VexRiscv/dBus_cmd_rData_address_reg[9]/Q (HIGH)

 There are 30 register/latch pins with no clock driven by root clock pin: design_1_i/caravel_0/inst/soc/core/dbg_uart_address_reg[10]/Q (HIGH)

 There are 30 register/latch pins with no clock driven by root clock pin: design_1_i/caravel_0/inst/soc/core/dbg_uart_address_reg[11]/Q (HIGH)

 There are 30 register/latch pins with no clock driven by root clock pin: design_1_i/caravel_0/inst/soc/core/dbg_uart_address_reg[12]/Q (HIGH)

 There are 30 register/latch pins with no clock driven by root clock pin: design_1_i/caravel_0/inst/soc/core/dbg_uart_address_reg[13]/Q (HIGH)

 There are 30 register/latch pins with no clock driven by root clock pin: design_1_i/caravel_0/inst/soc/core/dbg_uart_address_reg[14]/Q (HIGH)

 There are 30 register/latch pins with no clock driven by root clock pin: design_1_i/caravel_0/inst/soc/core/dbg_uart_address_reg[15]/Q (HIGH)

 There are 30 register/latch pins with no clock driven by root clock pin: design_1_i/caravel_0/inst/soc/core/dbg_uart_address_reg[16]/Q (HIGH)

 There are 30 register/latch pins with no clock driven by root clock pin: design_1_i/caravel_0/inst/soc/core/dbg_uart_address_reg[17]/Q (HIGH)

 There are 30 register/latch pins with no clock driven by root clock pin: design_1_i/caravel_0/inst/soc/core/dbg_uart_address_reg[18]/Q (HIGH)

 There are 30 register/latch pins with no clock driven by root clock pin: design_1_i/caravel_0/inst/soc/core/dbg_uart_address_reg[19]/Q (HIGH)

 There are 30 register/latch pins with no clock driven by root clock pin: design_1_i/caravel_0/inst/soc/core/dbg_uart_address_reg[20]/Q (HIGH)

 There are 30 register/latch pins with no clock driven by root clock pin: design_1_i/caravel_0/inst/soc/core/dbg_uart_address_reg[21]/Q (HIGH)

 There are 30 register/latch pins with no clock driven by root clock pin: design_1_i/caravel_0/inst/soc/core/dbg_uart_address_reg[22]/Q (HIGH)

 There are 30 register/latch pins with no clock driven by root clock pin: design_1_i/caravel_0/inst/soc/core/dbg_uart_address_reg[23]/Q (HIGH)

 There are 30 register/latch pins with no clock driven by root clock pin: design_1_i/caravel_0/inst/soc/core/dbg_uart_address_reg[24]/Q (HIGH)

 There are 30 register/latch pins with no clock driven by root clock pin: design_1_i/caravel_0/inst/soc/core/dbg_uart_address_reg[25]/Q (HIGH)

 There are 30 register/latch pins with no clock driven by root clock pin: design_1_i/caravel_0/inst/soc/core/dbg_uart_address_reg[26]/Q (HIGH)

 There are 30 register/latch pins with no clock driven by root clock pin: design_1_i/caravel_0/inst/soc/core/dbg_uart_address_reg[27]/Q (HIGH)

 There are 30 register/latch pins with no clock driven by root clock pin: design_1_i/caravel_0/inst/soc/core/dbg_uart_address_reg[28]/Q (HIGH)

 There are 30 register/latch pins with no clock driven by root clock pin: design_1_i/caravel_0/inst/soc/core/dbg_uart_address_reg[29]/Q (HIGH)

 There are 30 register/latch pins with no clock driven by root clock pin: design_1_i/caravel_0/inst/soc/core/dbg_uart_address_reg[6]/Q (HIGH)

 There are 30 register/latch pins with no clock driven by root clock pin: design_1_i/caravel_0/inst/soc/core/dbg_uart_address_reg[7]/Q (HIGH)

 There are 30 register/latch pins with no clock driven by root clock pin: design_1_i/caravel_0/inst/soc/core/dbg_uart_address_reg[8]/Q (HIGH)

 There are 30 register/latch pins with no clock driven by root clock pin: design_1_i/caravel_0/inst/soc/core/dbg_uart_address_reg[9]/Q (HIGH)

 There are 52 register/latch pins with no clock driven by root clock pin: design_1_i/caravel_0/inst/soc/core/flash_clk_reg/Q (HIGH)


2. checking constant_clock (0)
------------------------------
 There are 0 register/latch pins with constant_clock.


3. checking pulse_width_clock (0)
---------------------------------
 There are 0 register/latch pins which need pulse_width check


4. checking unconstrained_internal_endpoints (2901)
---------------------------------------------------
 There are 2901 pins that are not constrained for maximum delay. (HIGH)

 There are 0 pins that are not constrained for maximum delay due to constant clock.


5. checking no_input_delay (0)
------------------------------
 There are 0 input ports with no input delay specified.

 There are 0 input ports with no input delay but user has a false path constraint.


6. checking no_output_delay (0)
-------------------------------
 There are 0 ports with no output delay specified.

 There are 0 ports with no output delay but user has a false path constraint

 There are 0 ports with no output delay but with a timing clock defined on it or propagating through it


7. checking multiple_clock (0)
------------------------------
 There are 0 register/latch pins with multiple clocks.


8. checking generated_clocks (0)
--------------------------------
 There are 0 generated clocks that are not connected to a clock source.


9. checking loops (0)
---------------------
 There are 0 combinational loops in the design.


10. checking partial_input_delay (0)
------------------------------------
 There are 0 input ports with partial input delay specified.


11. checking partial_output_delay (0)
-------------------------------------
 There are 0 ports with partial output delay specified.


12. checking latch_loops (0)
----------------------------
 There are 0 combinational latch loops in the design through latch input



------------------------------------------------------------------------------------------------
| Design Timing Summary
| ---------------------
------------------------------------------------------------------------------------------------

    WNS(ns)      TNS(ns)  TNS Failing Endpoints  TNS Total Endpoints      WHS(ns)      THS(ns)  THS Failing Endpoints  THS Total Endpoints     WPWS(ns)     TPWS(ns)  TPWS Failing Endpoints  TPWS Total Endpoints  
    -------      -------  ---------------------  -------------------      -------      -------  ---------------------  -------------------     --------     --------  ----------------------  --------------------  
      9.550        0.000                      0                13018        0.033        0.000                      0                13018       11.250        0.000                       0                  5411  


All user specified timing constraints are met.


------------------------------------------------------------------------------------------------
| Clock Summary
| -------------
------------------------------------------------------------------------------------------------

Clock       Waveform(ns)       Period(ns)      Frequency(MHz)
-----       ------------       ----------      --------------
clk_fpga_0  {0.000 12.500}     25.000          40.000          


------------------------------------------------------------------------------------------------
| Intra Clock Table
| -----------------
------------------------------------------------------------------------------------------------

Clock             WNS(ns)      TNS(ns)  TNS Failing Endpoints  TNS Total Endpoints      WHS(ns)      THS(ns)  THS Failing Endpoints  THS Total Endpoints     WPWS(ns)     TPWS(ns)  TPWS Failing Endpoints  TPWS Total Endpoints  
-----             -------      -------  ---------------------  -------------------      -------      -------  ---------------------  -------------------     --------     --------  ----------------------  --------------------  
clk_fpga_0          9.550        0.000                      0                12776        0.033        0.000                      0                12776       11.250        0.000                       0                  5411  


------------------------------------------------------------------------------------------------
| Inter Clock Table
| -----------------
------------------------------------------------------------------------------------------------

From Clock    To Clock          WNS(ns)      TNS(ns)  TNS Failing Endpoints  TNS Total Endpoints      WHS(ns)      THS(ns)  THS Failing Endpoints  THS Total Endpoints  
----------    --------          -------      -------  ---------------------  -------------------      -------      -------  ---------------------  -------------------  


------------------------------------------------------------------------------------------------
| Other Path Groups Table
| -----------------------
------------------------------------------------------------------------------------------------

Path Group         From Clock         To Clock               WNS(ns)      TNS(ns)  TNS Failing Endpoints  TNS Total Endpoints      WHS(ns)      THS(ns)  THS Failing Endpoints  THS Total Endpoints  
----------         ----------         --------               -------      -------  ---------------------  -------------------      -------      -------  ---------------------  -------------------  
**async_default**  clk_fpga_0         clk_fpga_0              14.382        0.000                      0                  242        0.545        0.000                      0                  242  


------------------------------------------------------------------------------------------------
| Timing Details
| --------------
------------------------------------------------------------------------------------------------


---------------------------------------------------------------------------------------------------
From Clock:  clk_fpga_0
  To Clock:  clk_fpga_0

Setup :            0  Failing Endpoints,  Worst Slack        9.550ns,  Total Violation        0.000ns
Hold  :            0  Failing Endpoints,  Worst Slack        0.033ns,  Total Violation        0.000ns
PW    :            0  Failing Endpoints,  Worst Slack       11.250ns,  Total Violation        0.000ns
---------------------------------------------------------------------------------------------------


Max Delay Paths
--------------------------------------------------------------------------------------
Slack (MET) :             9.550ns  (required time - arrival time)
  Source:                 design_1_i/processing_system7_0/inst/PS7_i/FCLKCLK[0]
                            (clock source 'clk_fpga_0'  {rise@0.000ns fall@12.500ns period=25.000ns})
  Destination:            design_1_i/caravel_ps_0/inst/control_s_axi_U/int_ps_mprj_out_reg[15]/D
                            (rising edge-triggered cell FDRE clocked by clk_fpga_0  {rise@0.000ns fall@12.500ns period=25.000ns})
  Path Group:             clk_fpga_0
  Path Type:              Setup (Max at Slow Process Corner)
  Requirement:            12.500ns  (clk_fpga_0 rise@25.000ns - clk_fpga_0 fall@12.500ns)
  Data Path Delay:        5.256ns  (logic 0.599ns (11.397%)  route 4.657ns (88.603%))
  Logic Levels:           3  (BUFG=1 LUT3=1 LUT5=1)
  Clock Path Skew:        2.654ns (DCD - SCD + CPR)
    Destination Clock Delay (DCD):    2.654ns = ( 27.654 - 25.000 ) 
    Source Clock Delay      (SCD):    0.000ns = ( 12.500 - 12.500 ) 
    Clock Pessimism Removal (CPR):    0.000ns
  Clock Uncertainty:      0.377ns  ((TSJ^2 + TIJ^2)^1/2 + DJ) / 2 + PE
    Total System Jitter     (TSJ):    0.071ns
    Total Input Jitter      (TIJ):    0.750ns
    Discrete Jitter          (DJ):    0.000ns
    Phase Error              (PE):    0.000ns

    Location             Delay type                Incr(ns)  Path(ns)    Netlist Resource(s)
  -------------------------------------------------------------------    -------------------
                         (clock clk_fpga_0 fall edge)
                                                     12.500    12.500 f  
    PS7_X0Y0             PS7                          0.000    12.500 f  design_1_i/processing_system7_0/inst/PS7_i/FCLKCLK[0]
                         net (fo=1, routed)           1.193    13.693    design_1_i/processing_system7_0/inst/FCLK_CLK_unbuffered[0]
    BUFGCTRL_X0Y22       BUFG (Prop_bufg_I_O)         0.101    13.794 f  design_1_i/processing_system7_0/inst/buffer_fclk_clk_0.FCLK_CLK_0_BUFG/O
                         net (fo=5328, routed)        2.155    15.949    design_1_i/caravel_0/inst/housekeeping/clock
    SLICE_X50Y93         LUT3 (Prop_lut3_I0_O)        0.150    16.099 f  design_1_i/caravel_0/inst/housekeeping/mprj_o[15]_INST_0_i_2/O
                         net (fo=1, routed)           1.309    17.408    design_1_i/caravel_0/inst/gpio_control_in_1[7]/mgmt_io_out_hk[0]
    SLICE_X48Y90         LUT5 (Prop_lut5_I2_O)        0.348    17.756 f  design_1_i/caravel_0/inst/gpio_control_in_1[7]/mprj_o[15]_INST_0/O
                         net (fo=1, routed)           0.000    17.756    design_1_i/caravel_ps_0/inst/control_s_axi_U/mprj_out[15]
    SLICE_X48Y90         FDRE                                         f  design_1_i/caravel_ps_0/inst/control_s_axi_U/int_ps_mprj_out_reg[15]/D
  -------------------------------------------------------------------    -------------------

                         (clock clk_fpga_0 rise edge)
                                                     25.000    25.000 r  
    PS7_X0Y0             PS7                          0.000    25.000 r  design_1_i/processing_system7_0/inst/PS7_i/FCLKCLK[0]
                         net (fo=1, routed)           1.088    26.088    design_1_i/processing_system7_0/inst/FCLK_CLK_unbuffered[0]
    BUFGCTRL_X0Y22       BUFG (Prop_bufg_I_O)         0.091    26.179 r  design_1_i/processing_system7_0/inst/buffer_fclk_clk_0.FCLK_CLK_0_BUFG/O
                         net (fo=5328, routed)        1.475    27.654    design_1_i/caravel_ps_0/inst/control_s_axi_U/ap_clk
    SLICE_X48Y90         FDRE                                         r  design_1_i/caravel_ps_0/inst/control_s_axi_U/int_ps_mprj_out_reg[15]/C
                         clock pessimism              0.000    27.654    
                         clock uncertainty           -0.377    27.277    
    SLICE_X48Y90         FDRE (Setup_fdre_C_D)        0.029    27.306    design_1_i/caravel_ps_0/inst/control_s_axi_U/int_ps_mprj_out_reg[15]
  -------------------------------------------------------------------
                         required time                         27.306    
                         arrival time                         -17.756    
  -------------------------------------------------------------------
                         slack                                  9.550    





Min Delay Paths
--------------------------------------------------------------------------------------
Slack (MET) :             0.033ns  (arrival time - required time)
  Source:                 design_1_i/axi_mem_intercon/s00_couplers/auto_pc/inst/gen_axi4_axi3.axi3_conv_inst/USE_READ.USE_SPLIT_R.read_addr_inst/USE_R_CHANNEL.cmd_queue/inst/fifo_gen_inst/inst_fifo_gen/gconvfifo.rf/grf.rf/gntv_or_sync_fifo.gl0.wr/wpntr/gcc0.gc0.count_d1_reg[3]/C
                            (rising edge-triggered cell FDCE clocked by clk_fpga_0  {rise@0.000ns fall@12.500ns period=25.000ns})
  Destination:            design_1_i/axi_mem_intercon/s00_couplers/auto_pc/inst/gen_axi4_axi3.axi3_conv_inst/USE_READ.USE_SPLIT_R.read_addr_inst/USE_R_CHANNEL.cmd_queue/inst/fifo_gen_inst/inst_fifo_gen/gconvfifo.rf/grf.rf/gntv_or_sync_fifo.mem/gdm.dm_gen.dm/RAM_reg_0_31_0_0/DP/WADR3
                            (rising edge-triggered cell RAMD32 clocked by clk_fpga_0  {rise@0.000ns fall@12.500ns period=25.000ns})
  Path Group:             clk_fpga_0
  Path Type:              Hold (Min at Fast Process Corner)
  Requirement:            0.000ns  (clk_fpga_0 rise@0.000ns - clk_fpga_0 rise@0.000ns)
  Data Path Delay:        0.286ns  (logic 0.141ns (49.242%)  route 0.145ns (50.758%))
  Logic Levels:           0  
  Clock Path Skew:        0.013ns (DCD - SCD - CPR)
    Destination Clock Delay (DCD):    1.224ns
    Source Clock Delay      (SCD):    0.926ns
    Clock Pessimism Removal (CPR):    0.285ns

    Location             Delay type                Incr(ns)  Path(ns)    Netlist Resource(s)
  -------------------------------------------------------------------    -------------------
                         (clock clk_fpga_0 rise edge)
                                                      0.000     0.000 r  
    PS7_X0Y0             PS7                          0.000     0.000 r  design_1_i/processing_system7_0/inst/PS7_i/FCLKCLK[0]
                         net (fo=1, routed)           0.310     0.310    design_1_i/processing_system7_0/inst/FCLK_CLK_unbuffered[0]
    BUFGCTRL_X0Y22       BUFG (Prop_bufg_I_O)         0.026     0.336 r  design_1_i/processing_system7_0/inst/buffer_fclk_clk_0.FCLK_CLK_0_BUFG/O
                         net (fo=5328, routed)        0.590     0.926    design_1_i/axi_mem_intercon/s00_couplers/auto_pc/inst/gen_axi4_axi3.axi3_conv_inst/USE_READ.USE_SPLIT_R.read_addr_inst/USE_R_CHANNEL.cmd_queue/inst/fifo_gen_inst/inst_fifo_gen/gconvfifo.rf/grf.rf/gntv_or_sync_fifo.gl0.wr/wpntr/clk
    SLICE_X31Y46         FDCE                                         r  design_1_i/axi_mem_intercon/s00_couplers/auto_pc/inst/gen_axi4_axi3.axi3_conv_inst/USE_READ.USE_SPLIT_R.read_addr_inst/USE_R_CHANNEL.cmd_queue/inst/fifo_gen_inst/inst_fifo_gen/gconvfifo.rf/grf.rf/gntv_or_sync_fifo.gl0.wr/wpntr/gcc0.gc0.count_d1_reg[3]/C
  -------------------------------------------------------------------    -------------------
    SLICE_X31Y46         FDCE (Prop_fdce_C_Q)         0.141     1.067 r  design_1_i/axi_mem_intercon/s00_couplers/auto_pc/inst/gen_axi4_axi3.axi3_conv_inst/USE_READ.USE_SPLIT_R.read_addr_inst/USE_R_CHANNEL.cmd_queue/inst/fifo_gen_inst/inst_fifo_gen/gconvfifo.rf/grf.rf/gntv_or_sync_fifo.gl0.wr/wpntr/gcc0.gc0.count_d1_reg[3]/Q
                         net (fo=5, routed)           0.145     1.212    design_1_i/axi_mem_intercon/s00_couplers/auto_pc/inst/gen_axi4_axi3.axi3_conv_inst/USE_READ.USE_SPLIT_R.read_addr_inst/USE_R_CHANNEL.cmd_queue/inst/fifo_gen_inst/inst_fifo_gen/gconvfifo.rf/grf.rf/gntv_or_sync_fifo.mem/gdm.dm_gen.dm/RAM_reg_0_31_0_0/A3
    SLICE_X30Y46         RAMD32                                       r  design_1_i/axi_mem_intercon/s00_couplers/auto_pc/inst/gen_axi4_axi3.axi3_conv_inst/USE_READ.USE_SPLIT_R.read_addr_inst/USE_R_CHANNEL.cmd_queue/inst/fifo_gen_inst/inst_fifo_gen/gconvfifo.rf/grf.rf/gntv_or_sync_fifo.mem/gdm.dm_gen.dm/RAM_reg_0_31_0_0/DP/WADR3
  -------------------------------------------------------------------    -------------------

                         (clock clk_fpga_0 rise edge)
                                                      0.000     0.000 r  
    PS7_X0Y0             PS7                          0.000     0.000 r  design_1_i/processing_system7_0/inst/PS7_i/FCLKCLK[0]
                         net (fo=1, routed)           0.337     0.337    design_1_i/processing_system7_0/inst/FCLK_CLK_unbuffered[0]
    BUFGCTRL_X0Y22       BUFG (Prop_bufg_I_O)         0.029     0.366 r  design_1_i/processing_system7_0/inst/buffer_fclk_clk_0.FCLK_CLK_0_BUFG/O
                         net (fo=5328, routed)        0.858     1.224    design_1_i/axi_mem_intercon/s00_couplers/auto_pc/inst/gen_axi4_axi3.axi3_conv_inst/USE_READ.USE_SPLIT_R.read_addr_inst/USE_R_CHANNEL.cmd_queue/inst/fifo_gen_inst/inst_fifo_gen/gconvfifo.rf/grf.rf/gntv_or_sync_fifo.mem/gdm.dm_gen.dm/RAM_reg_0_31_0_0/WCLK
    SLICE_X30Y46         RAMD32                                       r  design_1_i/axi_mem_intercon/s00_couplers/auto_pc/inst/gen_axi4_axi3.axi3_conv_inst/USE_READ.USE_SPLIT_R.read_addr_inst/USE_R_CHANNEL.cmd_queue/inst/fifo_gen_inst/inst_fifo_gen/gconvfifo.rf/grf.rf/gntv_or_sync_fifo.mem/gdm.dm_gen.dm/RAM_reg_0_31_0_0/DP/CLK
                         clock pessimism             -0.285     0.939    
    SLICE_X30Y46         RAMD32 (Hold_ramd32_CLK_WADR3)
                                                      0.240     1.179    design_1_i/axi_mem_intercon/s00_couplers/auto_pc/inst/gen_axi4_axi3.axi3_conv_inst/USE_READ.USE_SPLIT_R.read_addr_inst/USE_R_CHANNEL.cmd_queue/inst/fifo_gen_inst/inst_fifo_gen/gconvfifo.rf/grf.rf/gntv_or_sync_fifo.mem/gdm.dm_gen.dm/RAM_reg_0_31_0_0/DP
  -------------------------------------------------------------------
                         required time                         -1.179    
                         arrival time                           1.212    
  -------------------------------------------------------------------
                         slack                                  0.033    





Pulse Width Checks
--------------------------------------------------------------------------------------
Clock Name:         clk_fpga_0
Waveform(ns):       { 0.000 12.500 }
Period(ns):         25.000
Sources:            { design_1_i/processing_system7_0/inst/PS7_i/FCLKCLK[0] }

Check Type        Corner  Lib Pin             Reference Pin  Required(ns)  Actual(ns)  Slack(ns)  Location      Pin
Min Period        n/a     RAMB36E1/CLKARDCLK  n/a            2.944         25.000      22.056     RAMB36_X3Y12  design_1_i/caravel_0/inst/mprj/uart/user_bram/RAM_reg/CLKARDCLK
Low Pulse Width   Slow    RAMD32/CLK          n/a            1.250         12.500      11.250     SLICE_X30Y46  design_1_i/axi_mem_intercon/s00_couplers/auto_pc/inst/gen_axi4_axi3.axi3_conv_inst/USE_READ.USE_SPLIT_R.read_addr_inst/USE_R_CHANNEL.cmd_queue/inst/fifo_gen_inst/inst_fifo_gen/gconvfifo.rf/grf.rf/gntv_or_sync_fifo.mem/gdm.dm_gen.dm/RAM_reg_0_31_0_0/DP/CLK
High Pulse Width  Slow    RAMD32/CLK          n/a            1.250         12.500      11.250     SLICE_X30Y46  design_1_i/axi_mem_intercon/s00_couplers/auto_pc/inst/gen_axi4_axi3.axi3_conv_inst/USE_READ.USE_SPLIT_R.read_addr_inst/USE_R_CHANNEL.cmd_queue/inst/fifo_gen_inst/inst_fifo_gen/gconvfifo.rf/grf.rf/gntv_or_sync_fifo.mem/gdm.dm_gen.dm/RAM_reg_0_31_0_0/DP/CLK



---------------------------------------------------------------------------------------------------
Path Group:  **async_default**
From Clock:  clk_fpga_0
  To Clock:  clk_fpga_0

Setup :            0  Failing Endpoints,  Worst Slack       14.382ns,  Total Violation        0.000ns
Hold  :            0  Failing Endpoints,  Worst Slack        0.545ns,  Total Violation        0.000ns
---------------------------------------------------------------------------------------------------


Max Delay Paths
--------------------------------------------------------------------------------------
Slack (MET) :             14.382ns  (required time - arrival time)
  Source:                 design_1_i/output_pin_0/inst/control_s_axi_U/int_outpin_ctrl_reg[0]/C
                            (rising edge-triggered cell FDRE clocked by clk_fpga_0  {rise@0.000ns fall@12.500ns period=25.000ns})
  Destination:            design_1_i/caravel_0/inst/housekeeping/serial_data_staging_1_reg[0]/CLR
                            (recovery check against rising-edge clock clk_fpga_0  {rise@0.000ns fall@12.500ns period=25.000ns})
  Path Group:             **async_default**
  Path Type:              Recovery (Max at Slow Process Corner)
  Requirement:            25.000ns  (clk_fpga_0 rise@25.000ns - clk_fpga_0 rise@0.000ns)
  Data Path Delay:        9.732ns  (logic 0.580ns (5.960%)  route 9.152ns (94.040%))
  Logic Levels:           1  (LUT1=1)
  Clock Path Skew:        -0.104ns (DCD - SCD + CPR)
    Destination Clock Delay (DCD):    2.888ns = ( 27.888 - 25.000 ) 
    Source Clock Delay      (SCD):    3.139ns
    Clock Pessimism Removal (CPR):    0.147ns
  Clock Uncertainty:      0.377ns  ((TSJ^2 + TIJ^2)^1/2 + DJ) / 2 + PE
    Total System Jitter     (TSJ):    0.071ns
    Total Input Jitter      (TIJ):    0.750ns
    Discrete Jitter          (DJ):    0.000ns
    Phase Error              (PE):    0.000ns

    Location             Delay type                Incr(ns)  Path(ns)    Netlist Resource(s)
  -------------------------------------------------------------------    -------------------
                         (clock clk_fpga_0 rise edge)
                                                      0.000     0.000 r  
    PS7_X0Y0             PS7                          0.000     0.000 r  design_1_i/processing_system7_0/inst/PS7_i/FCLKCLK[0]
                         net (fo=1, routed)           1.193     1.193    design_1_i/processing_system7_0/inst/FCLK_CLK_unbuffered[0]
    BUFGCTRL_X0Y22       BUFG (Prop_bufg_I_O)         0.101     1.294 r  design_1_i/processing_system7_0/inst/buffer_fclk_clk_0.FCLK_CLK_0_BUFG/O
                         net (fo=5328, routed)        1.845     3.139    design_1_i/output_pin_0/inst/control_s_axi_U/ap_clk
    SLICE_X39Y100        FDRE                                         r  design_1_i/output_pin_0/inst/control_s_axi_U/int_outpin_ctrl_reg[0]/C
  -------------------------------------------------------------------    -------------------
    SLICE_X39Y100        FDRE (Prop_fdre_C_Q)         0.456     3.595 r  design_1_i/output_pin_0/inst/control_s_axi_U/int_outpin_ctrl_reg[0]/Q
                         net (fo=8, routed)           3.199     6.794    design_1_i/caravel_0/inst/housekeeping/resetb
    SLICE_X56Y89         LUT1 (Prop_lut1_I0_O)        0.124     6.918 f  design_1_i/caravel_0/inst/housekeeping/FSM_sequential_xfer_state[0]_i_2/O
                         net (fo=662, routed)         5.953    12.871    design_1_i/caravel_0/inst/housekeeping/pad_flash_csb_oeb0
    SLICE_X56Y110        FDCE                                         f  design_1_i/caravel_0/inst/housekeeping/serial_data_staging_1_reg[0]/CLR
  -------------------------------------------------------------------    -------------------

                         (clock clk_fpga_0 rise edge)
                                                     25.000    25.000 r  
    PS7_X0Y0             PS7                          0.000    25.000 r  design_1_i/processing_system7_0/inst/PS7_i/FCLKCLK[0]
                         net (fo=1, routed)           1.088    26.088    design_1_i/processing_system7_0/inst/FCLK_CLK_unbuffered[0]
    BUFGCTRL_X0Y22       BUFG (Prop_bufg_I_O)         0.091    26.179 r  design_1_i/processing_system7_0/inst/buffer_fclk_clk_0.FCLK_CLK_0_BUFG/O
                         net (fo=5328, routed)        1.709    27.888    design_1_i/caravel_0/inst/housekeeping/clock
    SLICE_X56Y110        FDCE                                         r  design_1_i/caravel_0/inst/housekeeping/serial_data_staging_1_reg[0]/C
                         clock pessimism              0.147    28.035    
                         clock uncertainty           -0.377    27.658    
    SLICE_X56Y110        FDCE (Recov_fdce_C_CLR)     -0.405    27.253    design_1_i/caravel_0/inst/housekeeping/serial_data_staging_1_reg[0]
  -------------------------------------------------------------------
                         required time                         27.253    
                         arrival time                         -12.871    
  -------------------------------------------------------------------
                         slack                                 14.382    





Min Delay Paths
--------------------------------------------------------------------------------------
Slack (MET) :             0.545ns  (arrival time - required time)
  Source:                 design_1_i/axi_mem_intercon/s00_couplers/auto_pc/inst/gen_axi4_axi3.axi3_conv_inst/USE_READ.USE_SPLIT_R.read_addr_inst/USE_R_CHANNEL.cmd_queue/inst/fifo_gen_inst/inst_fifo_gen/gconvfifo.rf/grf.rf/rstblk/ngwrdrst.grst.g7serrst.gnsckt_wrst.rst_wr_reg2_inst/arststages_ff_reg[1]/C
                            (rising edge-triggered cell FDPE clocked by clk_fpga_0  {rise@0.000ns fall@12.500ns period=25.000ns})
  Destination:            design_1_i/axi_mem_intercon/s00_couplers/auto_pc/inst/gen_axi4_axi3.axi3_conv_inst/USE_READ.USE_SPLIT_R.read_addr_inst/USE_R_CHANNEL.cmd_queue/inst/fifo_gen_inst/inst_fifo_gen/gconvfifo.rf/grf.rf/gntv_or_sync_fifo.gl0.rd/rpntr/gc0.count_d1_reg[0]/CLR
                            (removal check against rising-edge clock clk_fpga_0  {rise@0.000ns fall@12.500ns period=25.000ns})
  Path Group:             **async_default**
  Path Type:              Removal (Min at Fast Process Corner)
  Requirement:            0.000ns  (clk_fpga_0 rise@0.000ns - clk_fpga_0 rise@0.000ns)
  Data Path Delay:        0.493ns  (logic 0.227ns (46.085%)  route 0.266ns (53.915%))
  Logic Levels:           1  (LUT3=1)
  Clock Path Skew:        0.015ns (DCD - SCD - CPR)
    Destination Clock Delay (DCD):    1.224ns
    Source Clock Delay      (SCD):    0.927ns
    Clock Pessimism Removal (CPR):    0.282ns

    Location             Delay type                Incr(ns)  Path(ns)    Netlist Resource(s)
  -------------------------------------------------------------------    -------------------
                         (clock clk_fpga_0 rise edge)
                                                      0.000     0.000 r  
    PS7_X0Y0             PS7                          0.000     0.000 r  design_1_i/processing_system7_0/inst/PS7_i/FCLKCLK[0]
                         net (fo=1, routed)           0.310     0.310    design_1_i/processing_system7_0/inst/FCLK_CLK_unbuffered[0]
    BUFGCTRL_X0Y22       BUFG (Prop_bufg_I_O)         0.026     0.336 r  design_1_i/processing_system7_0/inst/buffer_fclk_clk_0.FCLK_CLK_0_BUFG/O
                         net (fo=5328, routed)        0.591     0.927    design_1_i/axi_mem_intercon/s00_couplers/auto_pc/inst/gen_axi4_axi3.axi3_conv_inst/USE_READ.USE_SPLIT_R.read_addr_inst/USE_R_CHANNEL.cmd_queue/inst/fifo_gen_inst/inst_fifo_gen/gconvfifo.rf/grf.rf/rstblk/ngwrdrst.grst.g7serrst.gnsckt_wrst.rst_wr_reg2_inst/dest_clk
    SLICE_X29Y47         FDPE                                         r  design_1_i/axi_mem_intercon/s00_couplers/auto_pc/inst/gen_axi4_axi3.axi3_conv_inst/USE_READ.USE_SPLIT_R.read_addr_inst/USE_R_CHANNEL.cmd_queue/inst/fifo_gen_inst/inst_fifo_gen/gconvfifo.rf/grf.rf/rstblk/ngwrdrst.grst.g7serrst.gnsckt_wrst.rst_wr_reg2_inst/arststages_ff_reg[1]/C
  -------------------------------------------------------------------    -------------------
    SLICE_X29Y47         FDPE (Prop_fdpe_C_Q)         0.128     1.055 f  design_1_i/axi_mem_intercon/s00_couplers/auto_pc/inst/gen_axi4_axi3.axi3_conv_inst/USE_READ.USE_SPLIT_R.read_addr_inst/USE_R_CHANNEL.cmd_queue/inst/fifo_gen_inst/inst_fifo_gen/gconvfifo.rf/grf.rf/rstblk/ngwrdrst.grst.g7serrst.gnsckt_wrst.rst_wr_reg2_inst/arststages_ff_reg[1]/Q
                         net (fo=2, routed)           0.118     1.172    design_1_i/axi_mem_intercon/s00_couplers/auto_pc/inst/gen_axi4_axi3.axi3_conv_inst/USE_READ.USE_SPLIT_R.read_addr_inst/USE_R_CHANNEL.cmd_queue/inst/fifo_gen_inst/inst_fifo_gen/gconvfifo.rf/grf.rf/rstblk/ngwrdrst.rst_wr_reg2
    SLICE_X30Y46         LUT3 (Prop_lut3_I2_O)        0.099     1.271 f  design_1_i/axi_mem_intercon/s00_couplers/auto_pc/inst/gen_axi4_axi3.axi3_conv_inst/USE_READ.USE_SPLIT_R.read_addr_inst/USE_R_CHANNEL.cmd_queue/inst/fifo_gen_inst/inst_fifo_gen/gconvfifo.rf/grf.rf/rstblk/gpregsm1.curr_fwft_state[1]_i_2/O
                         net (fo=33, routed)          0.148     1.419    design_1_i/axi_mem_intercon/s00_couplers/auto_pc/inst/gen_axi4_axi3.axi3_conv_inst/USE_READ.USE_SPLIT_R.read_addr_inst/USE_R_CHANNEL.cmd_queue/inst/fifo_gen_inst/inst_fifo_gen/gconvfifo.rf/grf.rf/gntv_or_sync_fifo.gl0.rd/rpntr/gc0.count_d1_reg[4]_1
    SLICE_X30Y45         FDCE                                         f  design_1_i/axi_mem_intercon/s00_couplers/auto_pc/inst/gen_axi4_axi3.axi3_conv_inst/USE_READ.USE_SPLIT_R.read_addr_inst/USE_R_CHANNEL.cmd_queue/inst/fifo_gen_inst/inst_fifo_gen/gconvfifo.rf/grf.rf/gntv_or_sync_fifo.gl0.rd/rpntr/gc0.count_d1_reg[0]/CLR
  -------------------------------------------------------------------    -------------------

                         (clock clk_fpga_0 rise edge)
                                                      0.000     0.000 r  
    PS7_X0Y0             PS7                          0.000     0.000 r  design_1_i/processing_system7_0/inst/PS7_i/FCLKCLK[0]
                         net (fo=1, routed)           0.337     0.337    design_1_i/processing_system7_0/inst/FCLK_CLK_unbuffered[0]
    BUFGCTRL_X0Y22       BUFG (Prop_bufg_I_O)         0.029     0.366 r  design_1_i/processing_system7_0/inst/buffer_fclk_clk_0.FCLK_CLK_0_BUFG/O
                         net (fo=5328, routed)        0.858     1.224    design_1_i/axi_mem_intercon/s00_couplers/auto_pc/inst/gen_axi4_axi3.axi3_conv_inst/USE_READ.USE_SPLIT_R.read_addr_inst/USE_R_CHANNEL.cmd_queue/inst/fifo_gen_inst/inst_fifo_gen/gconvfifo.rf/grf.rf/gntv_or_sync_fifo.gl0.rd/rpntr/clk
    SLICE_X30Y45         FDCE                                         r  design_1_i/axi_mem_intercon/s00_couplers/auto_pc/inst/gen_axi4_axi3.axi3_conv_inst/USE_READ.USE_SPLIT_R.read_addr_inst/USE_R_CHANNEL.cmd_queue/inst/fifo_gen_inst/inst_fifo_gen/gconvfifo.rf/grf.rf/gntv_or_sync_fifo.gl0.rd/rpntr/gc0.count_d1_reg[0]/C
                         clock pessimism             -0.282     0.942    
    SLICE_X30Y45         FDCE (Remov_fdce_C_CLR)     -0.067     0.875    design_1_i/axi_mem_intercon/s00_couplers/auto_pc/inst/gen_axi4_axi3.axi3_conv_inst/USE_READ.USE_SPLIT_R.read_addr_inst/USE_R_CHANNEL.cmd_queue/inst/fifo_gen_inst/inst_fifo_gen/gconvfifo.rf/grf.rf/gntv_or_sync_fifo.gl0.rd/rpntr/gc0.count_d1_reg[0]
  -------------------------------------------------------------------
                         required time                         -0.874    
                         arrival time                           1.419    
  -------------------------------------------------------------------
                         slack                                  0.545    





